2003.04.23 16:16 A C:\Documents and Settings\jr\Desktop\editors\html\botanicalwreathproject.html <-- susand - editors.myfree.com /home/sites/fluffy.myfree.com/editors/html botanicalwreathproject.html
2003.04.23 16:16 A C:\Documents and Settings\jr\Desktop\editors\html\breakfastatgrandmaspattern.htm <-- susand - editors.myfree.com /home/sites/fluffy.myfree.com/editors/html breakfastatgrandmaspattern.htm
2003.04.23 16:16 A C:\Documents and Settings\jr\Desktop\editors\html\breakfastatgrandmasproject.htm <-- susand - editors.myfree.com /home/sites/fluffy.myfree.com/editors/html breakfastatgrandmasproject.htm
2003.04.23 16:16 A C:\Documents and Settings\jr\Desktop\editors\html\catchafallingstarpattern.html <-- susand - editors.myfree.com /home/sites/fluffy.myfree.com/editors/html catchafallingstarpattern.html
2003.04.23 16:16 A C:\Documents and Settings\jr\Desktop\editors\html\catchafallingstarproject.html <-- susand - editors.myfree.com /home/sites/fluffy.myfree.com/editors/html catchafallingstarproject.html
2003.04.23 16:16 A C:\Documents and Settings\jr\Desktop\editors\html\collectingcrocksfreeproject.htm <-- susand - editors.myfree.com /home/sites/fluffy.myfree.com/editors/html collectingcrocksfreeproject.htm
2003.04.23 16:16 A C:\Documents and Settings\jr\Desktop\editors\html\collectingcrockspattern.html <-- susand - editors.myfree.com /home/sites/fluffy.myfree.com/editors/html collectingcrockspattern.html
2003.04.23 16:16 A C:\Documents and Settings\jr\Desktop\editors\html\kissofagardenproject.html <-- susand - editors.myfree.com /home/sites/fluffy.myfree.com/editors/html kissofagardenproject.html
2003.04.23 16:16 A C:\Documents and Settings\jr\Desktop\editors\html\leanonmeproject.html <-- susand - editors.myfree.com /home/sites/fluffy.myfree.com/editors/html leanonmeproject.html
2003.04.23 16:16 A C:\Documents and Settings\jr\Desktop\editors\html\lifeextesionreadmorepage0408.htm <-- susand - editors.myfree.com /home/sites/fluffy.myfree.com/editors/html lifeextesionreadmorepage0408.htm
2003.04.23 16:17 A C:\Documents and Settings\jr\Desktop\editors\html\oxycise_rmyc.html <-- susand - editors.myfree.com /home/sites/fluffy.myfree.com/editors/html oxycise_rmyc.html
2003.04.23 16:17 A C:\Documents and Settings\jr\Desktop\editors\html\oxycisereadmore0114.html <-- susand - editors.myfree.com /home/sites/fluffy.myfree.com/editors/html oxycisereadmore0114.html
2003.04.23 16:17 A C:\Documents and Settings\jr\Desktop\editors\html\oxycisereadmore0213.html <-- susand - editors.myfree.com /home/sites/fluffy.myfree.com/editors/html oxycisereadmore0213.html
2003.04.23 16:17 A C:\Documents and Settings\jr\Desktop\editors\html\oxycisereadmoresenior0213.html <-- susand - editors.myfree.com /home/sites/fluffy.myfree.com/editors/html oxycisereadmoresenior0213.html
2003.04.23 16:17 A C:\Documents and Settings\jr\Desktop\editors\html\oxycisereadmoreyoung0222.html <-- susand - editors.myfree.com /home/sites/fluffy.myfree.com/editors/html oxycisereadmoreyoung0222.html
2003.04.23 16:17 A C:\Documents and Settings\jr\Desktop\editors\html\oxycisereadmoreyoung0301.html <-- susand - editors.myfree.com /home/sites/fluffy.myfree.com/editors/html oxycisereadmoreyoung0301.html
2003.04.23 16:17 A C:\Documents and Settings\jr\Desktop\editors\html\oxycisereadmoreyoung0308.html <-- susand - editors.myfree.com /home/sites/fluffy.myfree.com/editors/html oxycisereadmoreyoung0308.html
2003.04.23 16:17 A C:\Documents and Settings\jr\Desktop\editors\html\painting032803GSBbirdhouse.htm <-- susand - editors.myfree.com /home/sites/fluffy.myfree.com/editors/html painting032803GSBbirdhouse.htm
2003.04.23 16:17 A C:\Documents and Settings\jr\Desktop\editors\html\pcdipopup.html <-- susand - editors.myfree.com /home/sites/fluffy.myfree.com/editors/html pcdipopup.html
2003.04.23 16:17 A C:\Documents and Settings\jr\Desktop\editors\html\pilatesreadmore.htm <-- susand - editors.myfree.com /home/sites/fluffy.myfree.com/editors/html pilatesreadmore.htm
2003.04.23 16:17 A C:\Documents and Settings\jr\Desktop\editors\html\pilatesreadmore032203.html <-- susand - editors.myfree.com /home/sites/fluffy.myfree.com/editors/html pilatesreadmore032203.html
2003.04.23 16:17 A C:\Documents and Settings\jr\Desktop\editors\html\pilatesreadmore040503.html <-- susand - editors.myfree.com /home/sites/fluffy.myfree.com/editors/html pilatesreadmore040503.html
2003.04.23 16:17 A C:\Documents and Settings\jr\Desktop\editors\html\pilatesreadmore041403.htm <-- susand - editors.myfree.com /home/sites/fluffy.myfree.com/editors/html pilatesreadmore041403.htm
2003.04.23 16:17 A C:\Documents and Settings\jr\Desktop\editors\html\santaandstarspattern.html <-- susand - editors.myfree.com /home/sites/fluffy.myfree.com/editors/html santaandstarspattern.html
2003.04.23 16:17 A C:\Documents and Settings\jr\Desktop\editors\html\santaandstarsproject.html <-- susand - editors.myfree.com /home/sites/fluffy.myfree.com/editors/html santaandstarsproject.html
2003.04.23 16:17 A C:\Documents and Settings\jr\Desktop\editors\html\ShoppingSpree.html <-- susand - editors.myfree.com /home/sites/fluffy.myfree.com/editors/html ShoppingSpree.html
2003.04.23 16:17 A C:\Documents and Settings\jr\Desktop\editors\html\sledmakerspattern.html <-- susand - editors.myfree.com /home/sites/fluffy.myfree.com/editors/html sledmakerspattern.html
2003.04.23 16:17 A C:\Documents and Settings\jr\Desktop\editors\html\sledmakersproject.html <-- susand - editors.myfree.com /home/sites/fluffy.myfree.com/editors/html sledmakersproject.html
2003.04.23 16:17 A C:\Documents and Settings\jr\Desktop\editors\html\vegetableservingplateproject.html <-- susand - editors.myfree.com /home/sites/fluffy.myfree.com/editors/html vegetableservingplateproject.html
2003.04.23 16:17 A C:\Documents and Settings\jr\Desktop\editors\html\whiterabbitorchard.htm <-- susand - editors.myfree.com /home/sites/fluffy.myfree.com/editors/html whiterabbitorchard.htm
2003.04.23 16:17 A C:\Documents and Settings\jr\Desktop\editors\html\whiterabbitorchardpattern.htm <-- susand - editors.myfree.com /home/sites/fluffy.myfree.com/editors/html whiterabbitorchardpattern.htm
2003.04.23 16:17 A C:\Documents and Settings\jr\Desktop\editors\html\winterproject.html <-- susand - editors.myfree.com /home/sites/fluffy.myfree.com/editors/html winterproject.html
2003.04.23 16:30 B C:\Documents and Settings\jr\Desktop\editors\html\AUTOEXEC.BAT --> cory.myfree.com /html AUTOEXEC.BAT
2003.04.23 16:30 A C:\Documents and Settings\jr\Desktop\editors\html\botanicalwreathproject.html --> cory.myfree.com /html botanicalwreathproject.html
2003.04.23 16:30 A C:\Documents and Settings\jr\Desktop\editors\html\breakfastatgrandmaspattern.htm --> cory.myfree.com /html breakfastatgrandmaspattern.htm
2003.04.23 16:30 A C:\Documents and Settings\jr\Desktop\editors\html\breakfastatgrandmasproject.htm --> cory.myfree.com /html breakfastatgrandmasproject.htm
2003.04.23 16:30 A C:\Documents and Settings\jr\Desktop\editors\html\catchafallingstarpattern.html --> cory.myfree.com /html catchafallingstarpattern.html
2003.04.23 16:30 A C:\Documents and Settings\jr\Desktop\editors\html\catchafallingstarproject.html --> cory.myfree.com /html catchafallingstarproject.html
2003.04.23 16:30 A C:\Documents and Settings\jr\Desktop\editors\html\collectingcrocksfreeproject.htm --> cory.myfree.com /html collectingcrocksfreeproject.htm
2003.04.23 16:30 A C:\Documents and Settings\jr\Desktop\editors\html\collectingcrockspattern.html --> cory.myfree.com /html collectingcrockspattern.html
2003.04.23 16:30 A C:\Documents and Settings\jr\Desktop\editors\html\kissofagardenproject.html --> cory.myfree.com /html kissofagardenproject.html
2003.04.23 16:30 A C:\Documents and Settings\jr\Desktop\editors\html\leanonmeproject.html --> cory.myfree.com /html leanonmeproject.html
2003.04.23 16:30 A C:\Documents and Settings\jr\Desktop\editors\html\lifeextesionreadmorepage0408.htm --> cory.myfree.com /html lifeextesionreadmorepage0408.htm
2003.04.23 16:30 A C:\Documents and Settings\jr\Desktop\editors\html\oxycise_rmyc.html --> cory.myfree.com /html oxycise_rmyc.html
2003.04.23 16:30 A C:\Documents and Settings\jr\Desktop\editors\html\oxycisereadmore0114.html --> cory.myfree.com /html oxycisereadmore0114.html
2003.04.23 16:30 A C:\Documents and Settings\jr\Desktop\editors\html\oxycisereadmore0213.html --> cory.myfree.com /html oxycisereadmore0213.html
2003.04.23 16:30 A C:\Documents and Settings\jr\Desktop\editors\html\oxycisereadmoresenior0213.html --> cory.myfree.com /html oxycisereadmoresenior0213.html
2003.04.23 16:30 A C:\Documents and Settings\jr\Desktop\editors\html\oxycisereadmoreyoung0222.html --> cory.myfree.com /html oxycisereadmoreyoung0222.html
2003.04.23 16:30 A C:\Documents and Settings\jr\Desktop\editors\html\oxycisereadmoreyoung0301.html --> cory.myfree.com /html oxycisereadmoreyoung0301.html
2003.04.23 16:30 A C:\Documents and Settings\jr\Desktop\editors\html\oxycisereadmoreyoung0308.html --> cory.myfree.com /html oxycisereadmoreyoung0308.html
2003.04.23 16:30 A C:\Documents and Settings\jr\Desktop\editors\html\painting032803GSBbirdhouse.htm --> cory.myfree.com /html painting032803GSBbirdhouse.htm
2003.04.23 16:30 A C:\Documents and Settings\jr\Desktop\editors\html\pcdipopup.html --> cory.myfree.com /html pcdipopup.html
2003.04.23 16:30 A C:\Documents and Settings\jr\Desktop\editors\html\pilatesreadmore.htm --> cory.myfree.com /html pilatesreadmore.htm
2003.04.23 16:30 A C:\Documents and Settings\jr\Desktop\editors\html\pilatesreadmore032203.html --> cory.myfree.com /html pilatesreadmore032203.html
2003.04.23 16:30 A C:\Documents and Settings\jr\Desktop\editors\html\pilatesreadmore040503.html --> cory.myfree.com /html pilatesreadmore040503.html
2003.04.23 16:30 A C:\Documents and Settings\jr\Desktop\editors\html\pilatesreadmore041403.htm --> cory.myfree.com /html pilatesreadmore041403.htm
2003.04.23 16:30 A C:\Documents and Settings\jr\Desktop\editors\html\santaandstarspattern.html --> cory.myfree.com /html santaandstarspattern.html
2003.04.23 16:30 A C:\Documents and Settings\jr\Desktop\editors\html\santaandstarsproject.html --> cory.myfree.com /html santaandstarsproject.html
2003.04.23 16:30 A C:\Documents and Settings\jr\Desktop\editors\html\ShoppingSpree.html --> cory.myfree.com /html ShoppingSpree.html
2003.04.23 16:30 A C:\Documents and Settings\jr\Desktop\editors\html\sledmakerspattern.html --> cory.myfree.com /html sledmakerspattern.html
2003.04.23 16:30 A C:\Documents and Settings\jr\Desktop\editors\html\sledmakersproject.html --> cory.myfree.com /html sledmakersproject.html
2003.04.23 16:30 A C:\Documents and Settings\jr\Desktop\editors\html\vegetableservingplateproject.html --> cory.myfree.com /html vegetableservingplateproject.html
2003.04.23 16:30 A C:\Documents and Settings\jr\Desktop\editors\html\whiterabbitorchard.htm --> cory.myfree.com /html whiterabbitorchard.htm
2003.04.23 16:30 A C:\Documents and Settings\jr\Desktop\editors\html\whiterabbitorchardpattern.htm --> cory.myfree.com /html whiterabbitorchardpattern.htm
2003.04.23 16:30 A C:\Documents and Settings\jr\Desktop\editors\html\winterproject.html --> cory.myfree.com /html winterproject.html
